<?xml version="1.0" encoding="UTF-8"?>
<!-- Generated by org.testng.reporters.JUnitXMLReporter -->
<testsuite hostname="TubaK" ignored="0" name="Default test" tests="17" failures="0" timestamp="2022-08-29T15:57:13 CDT" time="101.501" errors="0">
  <testcase name="flotingMenuCheck" time="6.321" classname="test.FloatingMenuTest"/>
  <testcase name="dropDown" time="3.932" classname="test.DropDownTest"/>
  <testcase name="downloadFilecheck" time="6.759" classname="test.DownloadNewFileTest"/>
  <testcase name="rightClickContextMenu" time="4.82" classname="test.ContextMenuTest"/>
  <testcase name="hoverOver" time="3.05" classname="test.HoverOverTest"/>
  <testcase name="notificationCheck" time="6.759" classname="test.NotificationMessageTest"/>
  <testcase name="javaScriptErrorCheck" time="2.615" classname="test.JavaScriptErrorTest"/>
  <testcase name="validUserShouldBeAbleToLogin" time="3.133" classname="test.LoginTestSuccess"/>
  <testcase name="uploadFileCheck" time="6.962" classname="test.UploadFileTest"/>
  <testcase name="dragAndDrop" time="4.639" classname="test.DragAndDropTest"/>
  <testcase name="javaScriptAlertCheck" time="9.08" classname="test.JavaScriptAlertTest"/>
  <testcase name="newTabLinkCheck" time="3.237" classname="test.NewTabLinkTest"/>
  <testcase name="dynamicControlsCheck" time="15.766" classname="test.DyanamicControlsTest"/>
  <testcase name="checkAndUncheckBoxes" time="9.258" classname="test.CheckAndUncheckBoxesTest"/>
  <testcase name="validUserShouldNotBeAbleToLogin" time="3.046" classname="test.LoginTestFailure"/>
  <testcase name="iframeCheck" time="4.126" classname="test.IframeTest"/>
  <testcase name="dynamicLoadingCheck" time="7.937" classname="test.DyanamicLoadingTest"/>
</testsuite> <!-- Default test -->
