<?xml version="1.0" encoding="UTF-8"?>
<!-- Generated by org.testng.reporters.JUnitXMLReporter -->
<testsuite hostname="TubaK" ignored="0" name="Default test" tests="17" failures="0" timestamp="2022-08-29T17:14:01 CDT" time="183.818" errors="0">
  <testcase name="flotingMenuCheck" time="11.225" classname="test.FloatingMenuTest"/>
  <testcase name="dropDown" time="8.577" classname="test.DropDownTest"/>
  <testcase name="downloadFilecheck" time="11.37" classname="test.DownloadNewFileTest"/>
  <testcase name="rightClickContextMenu" time="9.633" classname="test.ContextMenuTest"/>
  <testcase name="hoverOver" time="7.677" classname="test.HoverOverTest"/>
  <testcase name="javaScriptErrorCheck" time="7.285" classname="test.JavaScriptErrorTest"/>
  <testcase name="notificationCheck" time="11.764" classname="test.NotificationMessageTest"/>
  <testcase name="validUserShouldBeAbleToLogin" time="7.824" classname="test.LoginTestSuccess"/>
  <testcase name="uploadFileCheck" time="11.429" classname="test.UploadFileTest"/>
  <testcase name="newTabLinkCheck" time="7.46" classname="test.NewTabLinkTest"/>
  <testcase name="javaScriptAlertCheck" time="13.628" classname="test.JavaScriptAlertTest"/>
  <testcase name="dragAndDrop" time="9.37" classname="test.DragAndDropTest"/>
  <testcase name="checkAndUncheckBoxes" time="13.942" classname="test.CheckAndUncheckBoxesTest"/>
  <testcase name="dynamicControlsCheck" time="20.037" classname="test.DyanamicControlsTest"/>
  <testcase name="validUserShouldNotBeAbleToLogin" time="8.473" classname="test.LoginTestFailure"/>
  <testcase name="iframeCheck" time="10.797" classname="test.IframeTest"/>
  <testcase name="dynamicLoadingCheck" time="13.282" classname="test.DyanamicLoadingTest"/>
</testsuite> <!-- Default test -->
